/software/cuda-11.6
/software/gcc-8.2.0/bin:/software/cuda-11.6/bin:/usr/lib64/qt-3.3/bin:/home/kc81/setup/anaconda3/bin:/usr/local/bin:/usr/bin:/usr/local/sbin:/usr/sbin
/software/gcc-8.2.0/lib64:/software/gcc-8.2.0/lib:/software/cuda-11.6/lib64:/software/cuda-11.6/extras/CUPTI/lib64
Mon Mar  4 15:24:10 2024       
+---------------------------------------------------------------------------------------+
| NVIDIA-SMI 535.113.01             Driver Version: 535.113.01   CUDA Version: 12.2     |
|-----------------------------------------+----------------------+----------------------+
| GPU  Name                 Persistence-M | Bus-Id        Disp.A | Volatile Uncorr. ECC |
| Fan  Temp   Perf          Pwr:Usage/Cap |         Memory-Usage | GPU-Util  Compute M. |
|                                         |                      |               MIG M. |
|=========================================+======================+======================|
|   0  Quadro RTX 6000                Off | 00000000:1A:00.0 Off |                  Off |
| 33%   18C    P8              15W / 260W |      3MiB / 24576MiB |      0%      Default |
|                                         |                      |                  N/A |
+-----------------------------------------+----------------------+----------------------+
|   1  Quadro RTX 6000                Off | 00000000:1B:00.0 Off |                  Off |
| 33%   21C    P8               4W / 260W |      3MiB / 24576MiB |      0%      Default |
|                                         |                      |                  N/A |
+-----------------------------------------+----------------------+----------------------+
|   2  Quadro RTX 6000                Off | 00000000:60:00.0 Off |                  Off |
| 33%   21C    P8              22W / 260W |      3MiB / 24576MiB |      0%      Default |
|                                         |                      |                  N/A |
+-----------------------------------------+----------------------+----------------------+
|   3  Quadro RTX 6000                Off | 00000000:61:00.0 Off |                  Off |
| 33%   20C    P8               7W / 260W |      3MiB / 24576MiB |      0%      Default |
|                                         |                      |                  N/A |
+-----------------------------------------+----------------------+----------------------+
                                                                                         
+---------------------------------------------------------------------------------------+
| Processes:                                                                            |
|  GPU   GI   CI        PID   Type   Process name                            GPU Memory |
|        ID   ID                                                             Usage      |
|=======================================================================================|
|  No running processes found                                                           |
+---------------------------------------------------------------------------------------+
gcc (GCC) 8.2.0
Copyright (C) 2018 Free Software Foundation, Inc.
This is free software; see the source for copying conditions.  There is NO
warranty; not even for MERCHANTABILITY or FITNESS FOR A PARTICULAR PURPOSE.

torch version =  1.13.1+cu116
torch.cuda.is_available() =  True
torch.cuda.device_count() =  1
torchvision.__version__ =  0.14.1+cu116
ninja: no work to do.
Config / Flags:
---------
iter 5000
batch 4
spp 1
layers 1
train_res [640, 960]
display_res [640, 960]
texture_res [1024, 1024]
display_interval 0
save_interval 100
learning_rate [0.03, 0.005]
custom_mip False
background random
loss logl1
out_dir out/waymo_test5000
config configs/waymo.json
ref_mesh /home/kc81/current_projects/nvdiffrecmc/data/seq0
base_mesh None
validate True
n_samples 8
bsdf pbr
denoiser bilateral
denoiser_demodulate True
mtl_override None
dmtet_grid 128
mesh_scale 2.1
envlight None
env_scale 1.0
probe_res 256
learn_lighting True
display [{'latlong': True}, {'bsdf': 'kd'}, {'bsdf': 'ks'}, {'bsdf': 'normal'}]
transparency False
lock_light False
lock_pos False
sdf_regularizer 0.2
laplace relative
laplace_scale 3000.0
pre_load True
no_perturbed_nrm False
decorrelated False
kd_min [0.0, 0.0, 0.0, 0.0]
kd_max [1.0, 1.0, 1.0, 1.0]
ks_min [0.0, 0.08, 0.0]
ks_max [0.0, 1.0, 1.0]
nrm_min [-1.0, -1.0, 0.0]
nrm_max [1.0, 1.0, 1.0]
clip_max_norm 0.0
cam_near_far [0.1, 1000.0]
lambda_kd 0.1
lambda_ks 0.05
lambda_nrm 0.025
lambda_nrm2 0.25
lambda_chroma 0.0
lambda_diffuse 0.15
lambda_specular 0.0025
waymo 1
random_textures True
---------
End of OptiXStateWrapper 
#frames = 198
frame_id: [  0   1   2   3   4   5   6   7   8   9  10  11  12  13  14  15  16  17
  18  19  20  21  22  23  24  25  26  27  28  29  30  31  32  33  34  35
  36  37  38  39  40  41  42  43  44  45  46  47  48  49  50  51  52  53
  54  55  56  57  58  59  60  61  62  63  64  65  66  67  68  69  70  71
  72  73  74  75  76  77  78  79  80  81  82  83  84  85  86  87  88  89
  90  91  92  93  94  95  96  97  98  99 100 101 102 103 104 105 106 107
 108 109 110 111 112 113 114 115 116 117 118 119 120 121 122 123 124 125
 126 127 128 129 130 131 132 133 134 135 136 137 138 139 140 141 142 143
 144 145 146 147 148 149 150 151 152 153 154 155 156 157 158 159 160 161
 162 163 164 165 166 167 168 169 170 171 172 173 174 175 176 177 178 179
 180 181 182 183 184 185 186 187 188 189 190 191 192 193 194 195 196 197]
Load RGB ...
self.rays =  torch.Size([198, 640, 960, 3])
Load Semantic ... Mask ou sky idx == 5
#frames = 198
frame_id: [  0   1   2   3   4   5   6   7   8   9  10  11  12  13  14  15  16  17
  18  19  20  21  22  23  24  25  26  27  28  29  30  31  32  33  34  35
  36  37  38  39  40  41  42  43  44  45  46  47  48  49  50  51  52  53
  54  55  56  57  58  59  60  61  62  63  64  65  66  67  68  69  70  71
  72  73  74  75  76  77  78  79  80  81  82  83  84  85  86  87  88  89
  90  91  92  93  94  95  96  97  98  99 100 101 102 103 104 105 106 107
 108 109 110 111 112 113 114 115 116 117 118 119 120 121 122 123 124 125
 126 127 128 129 130 131 132 133 134 135 136 137 138 139 140 141 142 143
 144 145 146 147 148 149 150 151 152 153 154 155 156 157 158 159 160 161
 162 163 164 165 166 167 168 169 170 171 172 173 174 175 176 177 178 179
 180 181 182 183 184 185 186 187 188 189 190 191 192 193 194 195 196 197]
Load RGB ...
self.rays =  torch.Size([198, 640, 960, 3])
Load Semantic ... Mask ou sky idx == 5
use DMTet to create geometry
Cuda path /software/cuda-11.6
Encoder output: 32 dims
Run optimization
optimize_mesh
Start enumerate(dataloader_train)
validate_itr =  0
ninja: no work to do.
End of OptiXStateWrapper 
OptiXStateWrapper destructor 
iter=    0, img_loss=0.776889, reg_loss=0.335428, lr=0.00000, time=549.4 ms, rem=45.78 m
iter=   10, img_loss=0.776782, reg_loss=0.318265, lr=0.00000, time=490.8 ms, rem=40.82 m
iter=   20, img_loss=0.760138, reg_loss=0.298944, lr=0.00000, time=490.7 ms, rem=40.73 m
iter=   30, img_loss=0.733835, reg_loss=0.285830, lr=0.00000, time=495.7 ms, rem=41.06 m
iter=   40, img_loss=0.748274, reg_loss=0.278781, lr=0.00000, time=499.8 ms, rem=41.31 m

validation: 
FLAGS.n_samples:  32
Running validation
target['img'] =  torch.Size([1, 640, 960, 3])
target['resolution'] =  [640, 960] train_res =  [640, 960]
validate_itr =  0
target['img'] =  torch.Size([1, 640, 960, 3])
target['resolution'] =  [640, 960] train_res =  [640, 960]
validate_itr =  0
target['img'] =  torch.Size([1, 640, 960, 3])
target['resolution'] =  [640, 960] train_res =  [640, 960]
validate_itr =  0
target['img'] =  torch.Size([1, 640, 960, 3])
target['resolution'] =  [640, 960] train_res =  [640, 960]
validate_itr =  0
target['img'] =  torch.Size([1, 640, 960, 3])
target['resolution'] =  [640, 960] train_res =  [640, 960]
validate_itr =  0
target['img'] =  torch.Size([1, 640, 960, 3])
target['resolution'] =  [640, 960] train_res =  [640, 960]
validate_itr =  0
target['img'] =  torch.Size([1, 640, 960, 3])
target['resolution'] =  [640, 960] train_res =  [640, 960]
validate_itr =  0
target['img'] =  torch.Size([1, 640, 960, 3])
target['resolution'] =  [640, 960] train_res =  [640, 960]
validate_itr =  0
target['img'] =  torch.Size([1, 640, 960, 3])
target['resolution'] =  [640, 960] train_res =  [640, 960]
validate_itr =  0
target['img'] =  torch.Size([1, 640, 960, 3])
target['resolution'] =  [640, 960] train_res =  [640, 960]
validate_itr =  0
target['img'] =  torch.Size([1, 640, 960, 3])
target['resolution'] =  [640, 960] train_res =  [640, 960]
validate_itr =  0
target['img'] =  torch.Size([1, 640, 960, 3])
target['resolution'] =  [640, 960] train_res =  [640, 960]
validate_itr =  0
target['img'] =  torch.Size([1, 640, 960, 3])
target['resolution'] =  [640, 960] train_res =  [640, 960]
validate_itr =  0
target['img'] =  torch.Size([1, 640, 960, 3])
target['resolution'] =  [640, 960] train_res =  [640, 960]
validate_itr =  0
target['img'] =  torch.Size([1, 640, 960, 3])
target['resolution'] =  [640, 960] train_res =  [640, 960]
validate_itr =  0
target['img'] =  torch.Size([1, 640, 960, 3])
target['resolution'] =  [640, 960] train_res =  [640, 960]
validate_itr =  0
target['img'] =  torch.Size([1, 640, 960, 3])
target['resolution'] =  [640, 960] train_res =  [640, 960]
validate_itr =  0
target['img'] =  torch.Size([1, 640, 960, 3])
target['resolution'] =  [640, 960] train_res =  [640, 960]
validate_itr =  0
target['img'] =  torch.Size([1, 640, 960, 3])
target['resolution'] =  [640, 960] train_res =  [640, 960]
validate_itr =  0
target['img'] =  torch.Size([1, 640, 960, 3])
target['resolution'] =  [640, 960] train_res =  [640, 960]
validate_itr =  0
target['img'] =  torch.Size([1, 640, 960, 3])
target['resolution'] =  [640, 960] train_res =  [640, 960]
validate_itr =  0
target['img'] =  torch.Size([1, 640, 960, 3])
target['resolution'] =  [640, 960] train_res =  [640, 960]
validate_itr =  0
target['img'] =  torch.Size([1, 640, 960, 3])
target['resolution'] =  [640, 960] train_res =  [640, 960]
validate_itr =  0
target['img'] =  torch.Size([1, 640, 960, 3])
target['resolution'] =  [640, 960] train_res =  [640, 960]
validate_itr =  0
target['img'] =  torch.Size([1, 640, 960, 3])
target['resolution'] =  [640, 960] train_res =  [640, 960]
validate_itr =  0
target['img'] =  torch.Size([1, 640, 960, 3])
target['resolution'] =  [640, 960] train_res =  [640, 960]
validate_itr =  0
target['img'] =  torch.Size([1, 640, 960, 3])
target['resolution'] =  [640, 960] train_res =  [640, 960]
validate_itr =  0
target['img'] =  torch.Size([1, 640, 960, 3])
target['resolution'] =  [640, 960] train_res =  [640, 960]
validate_itr =  0
target['img'] =  torch.Size([1, 640, 960, 3])
target['resolution'] =  [640, 960] train_res =  [640, 960]
validate_itr =  0
target['img'] =  torch.Size([1, 640, 960, 3])
target['resolution'] =  [640, 960] train_res =  [640, 960]
validate_itr =  0
target['img'] =  torch.Size([1, 640, 960, 3])
target['resolution'] =  [640, 960] train_res =  [640, 960]
validate_itr =  0
target['img'] =  torch.Size([1, 640, 960, 3])
target['resolution'] =  [640, 960] train_res =  [640, 960]
validate_itr =  0
target['img'] =  torch.Size([1, 640, 960, 3])
target['resolution'] =  [640, 960] train_res =  [640, 960]
validate_itr =  0
target['img'] =  torch.Size([1, 640, 960, 3])
target['resolution'] =  [640, 960] train_res =  [640, 960]
validate_itr =  0
target['img'] =  torch.Size([1, 640, 960, 3])
target['resolution'] =  [640, 960] train_res =  [640, 960]
validate_itr =  0
target['img'] =  torch.Size([1, 640, 960, 3])
target['resolution'] =  [640, 960] train_res =  [640, 960]
validate_itr =  0
target['img'] =  torch.Size([1, 640, 960, 3])
target['resolution'] =  [640, 960] train_res =  [640, 960]
validate_itr =  0
target['img'] =  torch.Size([1, 640, 960, 3])
target['resolution'] =  [640, 960] train_res =  [640, 960]
validate_itr =  0
target['img'] =  torch.Size([1, 640, 960, 3])
target['resolution'] =  [640, 960] train_res =  [640, 960]
validate_itr =  0
target['img'] =  torch.Size([1, 640, 960, 3])
target['resolution'] =  [640, 960] train_res =  [640, 960]
validate_itr =  0
target['img'] =  torch.Size([1, 640, 960, 3])
target['resolution'] =  [640, 960] train_res =  [640, 960]
validate_itr =  0
target['img'] =  torch.Size([1, 640, 960, 3])
target['resolution'] =  [640, 960] train_res =  [640, 960]
validate_itr =  0
target['img'] =  torch.Size([1, 640, 960, 3])
target['resolution'] =  [640, 960] train_res =  [640, 960]
validate_itr =  0
target['img'] =  torch.Size([1, 640, 960, 3])
target['resolution'] =  [640, 960] train_res =  [640, 960]
validate_itr =  0
target['img'] =  torch.Size([1, 640, 960, 3])
target['resolution'] =  [640, 960] train_res =  [640, 960]
validate_itr =  0
target['img'] =  torch.Size([1, 640, 960, 3])
target['resolution'] =  [640, 960] train_res =  [640, 960]
validate_itr =  0
target['img'] =  torch.Size([1, 640, 960, 3])
target['resolution'] =  [640, 960] train_res =  [640, 960]
validate_itr =  0
target['img'] =  torch.Size([1, 640, 960, 3])
target['resolution'] =  [640, 960] train_res =  [640, 960]
validate_itr =  0
target['img'] =  torch.Size([1, 640, 960, 3])
target['resolution'] =  [640, 960] train_res =  [640, 960]
validate_itr =  0
target['img'] =  torch.Size([1, 640, 960, 3])
target['resolution'] =  [640, 960] train_res =  [640, 960]
validate_itr =  0
target['img'] =  torch.Size([1, 640, 960, 3])
target['resolution'] =  [640, 960] train_res =  [640, 960]
validate_itr =  0
target['img'] =  torch.Size([1, 640, 960, 3])
target['resolution'] =  [640, 960] train_res =  [640, 960]
validate_itr =  0
target['img'] =  torch.Size([1, 640, 960, 3])
target['resolution'] =  [640, 960] train_res =  [640, 960]
validate_itr =  0
target['img'] =  torch.Size([1, 640, 960, 3])
target['resolution'] =  [640, 960] train_res =  [640, 960]
validate_itr =  0
target['img'] =  torch.Size([1, 640, 960, 3])
target['resolution'] =  [640, 960] train_res =  [640, 960]
validate_itr =  0
target['img'] =  torch.Size([1, 640, 960, 3])
target['resolution'] =  [640, 960] train_res =  [640, 960]
validate_itr =  0
target['img'] =  torch.Size([1, 640, 960, 3])
target['resolution'] =  [640, 960] train_res =  [640, 960]
validate_itr =  0
target['img'] =  torch.Size([1, 640, 960, 3])
target['resolution'] =  [640, 960] train_res =  [640, 960]
validate_itr =  0
target['img'] =  torch.Size([1, 640, 960, 3])
target['resolution'] =  [640, 960] train_res =  [640, 960]
validate_itr =  0
target['img'] =  torch.Size([1, 640, 960, 3])
target['resolution'] =  [640, 960] train_res =  [640, 960]
validate_itr =  0
target['img'] =  torch.Size([1, 640, 960, 3])
target['resolution'] =  [640, 960] train_res =  [640, 960]
validate_itr =  0
target['img'] =  torch.Size([1, 640, 960, 3])
target['resolution'] =  [640, 960] train_res =  [640, 960]
validate_itr =  0
target['img'] =  torch.Size([1, 640, 960, 3])
target['resolution'] =  [640, 960] train_res =  [640, 960]
validate_itr =  0
target['img'] =  torch.Size([1, 640, 960, 3])
target['resolution'] =  [640, 960] train_res =  [640, 960]
validate_itr =  0
target['img'] =  torch.Size([1, 640, 960, 3])
target['resolution'] =  [640, 960] train_res =  [640, 960]
validate_itr =  0
target['img'] =  torch.Size([1, 640, 960, 3])
target['resolution'] =  [640, 960] train_res =  [640, 960]
validate_itr =  0
target['img'] =  torch.Size([1, 640, 960, 3])
target['resolution'] =  [640, 960] train_res =  [640, 960]
validate_itr =  0
target['img'] =  torch.Size([1, 640, 960, 3])
target['resolution'] =  [640, 960] train_res =  [640, 960]
validate_itr =  0
target['img'] =  torch.Size([1, 640, 960, 3])
target['resolution'] =  [640, 960] train_res =  [640, 960]
validate_itr =  0
target['img'] =  torch.Size([1, 640, 960, 3])
target['resolution'] =  [640, 960] train_res =  [640, 960]
validate_itr =  0
target['img'] =  torch.Size([1, 640, 960, 3])
target['resolution'] =  [640, 960] train_res =  [640, 960]
validate_itr =  0
target['img'] =  torch.Size([1, 640, 960, 3])
target['resolution'] =  [640, 960] train_res =  [640, 960]
validate_itr =  0
target['img'] =  torch.Size([1, 640, 960, 3])
target['resolution'] =  [640, 960] train_res =  [640, 960]
validate_itr =  0
target['img'] =  torch.Size([1, 640, 960, 3])
target['resolution'] =  [640, 960] train_res =  [640, 960]
validate_itr =  0
target['img'] =  torch.Size([1, 640, 960, 3])
target['resolution'] =  [640, 960] train_res =  [640, 960]
validate_itr =  0
target['img'] =  torch.Size([1, 640, 960, 3])
target['resolution'] =  [640, 960] train_res =  [640, 960]
validate_itr =  0
target['img'] =  torch.Size([1, 640, 960, 3])
target['resolution'] =  [640, 960] train_res =  [640, 960]
validate_itr =  0
target['img'] =  torch.Size([1, 640, 960, 3])
target['resolution'] =  [640, 960] train_res =  [640, 960]
validate_itr =  0
target['img'] =  torch.Size([1, 640, 960, 3])
target['resolution'] =  [640, 960] train_res =  [640, 960]
validate_itr =  0
target['img'] =  torch.Size([1, 640, 960, 3])
target['resolution'] =  [640, 960] train_res =  [640, 960]
validate_itr =  0
target['img'] =  torch.Size([1, 640, 960, 3])
target['resolution'] =  [640, 960] train_res =  [640, 960]
validate_itr =  0
target['img'] =  torch.Size([1, 640, 960, 3])
target['resolution'] =  [640, 960] train_res =  [640, 960]
validate_itr =  0
target['img'] =  torch.Size([1, 640, 960, 3])
target['resolution'] =  [640, 960] train_res =  [640, 960]
validate_itr =  0
target['img'] =  torch.Size([1, 640, 960, 3])
target['resolution'] =  [640, 960] train_res =  [640, 960]
validate_itr =  0
target['img'] =  torch.Size([1, 640, 960, 3])
target['resolution'] =  [640, 960] train_res =  [640, 960]
validate_itr =  0
target['img'] =  torch.Size([1, 640, 960, 3])
target['resolution'] =  [640, 960] train_res =  [640, 960]
validate_itr =  0
target['img'] =  torch.Size([1, 640, 960, 3])
target['resolution'] =  [640, 960] train_res =  [640, 960]
validate_itr =  0
target['img'] =  torch.Size([1, 640, 960, 3])
target['resolution'] =  [640, 960] train_res =  [640, 960]
validate_itr =  0
target['img'] =  torch.Size([1, 640, 960, 3])
target['resolution'] =  [640, 960] train_res =  [640, 960]
validate_itr =  0
target['img'] =  torch.Size([1, 640, 960, 3])
target['resolution'] =  [640, 960] train_res =  [640, 960]
validate_itr =  0
target['img'] =  torch.Size([1, 640, 960, 3])
target['resolution'] =  [640, 960] train_res =  [640, 960]
validate_itr =  0
target['img'] =  torch.Size([1, 640, 960, 3])
target['resolution'] =  [640, 960] train_res =  [640, 960]
validate_itr =  0
target['img'] =  torch.Size([1, 640, 960, 3])
target['resolution'] =  [640, 960] train_res =  [640, 960]
validate_itr =  0
target['img'] =  torch.Size([1, 640, 960, 3])
target['resolution'] =  [640, 960] train_res =  [640, 960]
validate_itr =  0
target['img'] =  torch.Size([1, 640, 960, 3])
target['resolution'] =  [640, 960] train_res =  [640, 960]
validate_itr =  0
target['img'] =  torch.Size([1, 640, 960, 3])
target['resolution'] =  [640, 960] train_res =  [640, 960]
validate_itr =  0
target['img'] =  torch.Size([1, 640, 960, 3])
target['resolution'] =  [640, 960] train_res =  [640, 960]
validate_itr =  0
target['img'] =  torch.Size([1, 640, 960, 3])
target['resolution'] =  [640, 960] train_res =  [640, 960]
validate_itr =  0
target['img'] =  torch.Size([1, 640, 960, 3])
target['resolution'] =  [640, 960] train_res =  [640, 960]
validate_itr =  0
target['img'] =  torch.Size([1, 640, 960, 3])
target['resolution'] =  [640, 960] train_res =  [640, 960]
validate_itr =  0
target['img'] =  torch.Size([1, 640, 960, 3])
target['resolution'] =  [640, 960] train_res =  [640, 960]
validate_itr =  0
target['img'] =  torch.Size([1, 640, 960, 3])
target['resolution'] =  [640, 960] train_res =  [640, 960]
validate_itr =  0
target['img'] =  torch.Size([1, 640, 960, 3])
target['resolution'] =  [640, 960] train_res =  [640, 960]
validate_itr =  0
target['img'] =  torch.Size([1, 640, 960, 3])
target['resolution'] =  [640, 960] train_res =  [640, 960]
validate_itr =  0
target['img'] =  torch.Size([1, 640, 960, 3])
target['resolution'] =  [640, 960] train_res =  [640, 960]
validate_itr =  0
target['img'] =  torch.Size([1, 640, 960, 3])
target['resolution'] =  [640, 960] train_res =  [640, 960]
validate_itr =  0
target['img'] =  torch.Size([1, 640, 960, 3])
target['resolution'] =  [640, 960] train_res =  [640, 960]
validate_itr =  0
target['img'] =  torch.Size([1, 640, 960, 3])
target['resolution'] =  [640, 960] train_res =  [640, 960]
validate_itr =  0
target['img'] =  torch.Size([1, 640, 960, 3])
target['resolution'] =  [640, 960] train_res =  [640, 960]
validate_itr =  0
target['img'] =  torch.Size([1, 640, 960, 3])
target['resolution'] =  [640, 960] train_res =  [640, 960]
validate_itr =  0
target['img'] =  torch.Size([1, 640, 960, 3])
target['resolution'] =  [640, 960] train_res =  [640, 960]
validate_itr =  0
target['img'] =  torch.Size([1, 640, 960, 3])
target['resolution'] =  [640, 960] train_res =  [640, 960]
validate_itr =  0
target['img'] =  torch.Size([1, 640, 960, 3])
target['resolution'] =  [640, 960] train_res =  [640, 960]
validate_itr =  0
target['img'] =  torch.Size([1, 640, 960, 3])
target['resolution'] =  [640, 960] train_res =  [640, 960]
validate_itr =  0
target['img'] =  torch.Size([1, 640, 960, 3])
target['resolution'] =  [640, 960] train_res =  [640, 960]
validate_itr =  0
target['img'] =  torch.Size([1, 640, 960, 3])
target['resolution'] =  [640, 960] train_res =  [640, 960]
validate_itr =  0
target['img'] =  torch.Size([1, 640, 960, 3])
target['resolution'] =  [640, 960] train_res =  [640, 960]
validate_itr =  0
target['img'] =  torch.Size([1, 640, 960, 3])
target['resolution'] =  [640, 960] train_res =  [640, 960]
validate_itr =  0
target['img'] =  torch.Size([1, 640, 960, 3])
target['resolution'] =  [640, 960] train_res =  [640, 960]
validate_itr =  0
target['img'] =  torch.Size([1, 640, 960, 3])
target['resolution'] =  [640, 960] train_res =  [640, 960]
validate_itr =  0
target['img'] =  torch.Size([1, 640, 960, 3])
target['resolution'] =  [640, 960] train_res =  [640, 960]
validate_itr =  0
target['img'] =  torch.Size([1, 640, 960, 3])
target['resolution'] =  [640, 960] train_res =  [640, 960]
validate_itr =  0
target['img'] =  torch.Size([1, 640, 960, 3])
target['resolution'] =  [640, 960] train_res =  [640, 960]
validate_itr =  0
target['img'] =  torch.Size([1, 640, 960, 3])
target['resolution'] =  [640, 960] train_res =  [640, 960]
validate_itr =  0
target['img'] =  torch.Size([1, 640, 960, 3])
target['resolution'] =  [640, 960] train_res =  [640, 960]
validate_itr =  0
target['img'] =  torch.Size([1, 640, 960, 3])
target['resolution'] =  [640, 960] train_res =  [640, 960]
validate_itr =  0
target['img'] =  torch.Size([1, 640, 960, 3])
target['resolution'] =  [640, 960] train_res =  [640, 960]
validate_itr =  0
target['img'] =  torch.Size([1, 640, 960, 3])
target['resolution'] =  [640, 960] train_res =  [640, 960]
validate_itr =  0
target['img'] =  torch.Size([1, 640, 960, 3])
target['resolution'] =  [640, 960] train_res =  [640, 960]
validate_itr =  0
target['img'] =  torch.Size([1, 640, 960, 3])
target['resolution'] =  [640, 960] train_res =  [640, 960]
validate_itr =  0
target['img'] =  torch.Size([1, 640, 960, 3])
target['resolution'] =  [640, 960] train_res =  [640, 960]
validate_itr =  0
target['img'] =  torch.Size([1, 640, 960, 3])
target['resolution'] =  [640, 960] train_res =  [640, 960]
validate_itr =  0
target['img'] =  torch.Size([1, 640, 960, 3])
target['resolution'] =  [640, 960] train_res =  [640, 960]
validate_itr =  0
target['img'] =  torch.Size([1, 640, 960, 3])
target['resolution'] =  [640, 960] train_res =  [640, 960]
validate_itr =  0
target['img'] =  torch.Size([1, 640, 960, 3])
target['resolution'] =  [640, 960] train_res =  [640, 960]
validate_itr =  0
target['img'] =  torch.Size([1, 640, 960, 3])
target['resolution'] =  [640, 960] train_res =  [640, 960]
validate_itr =  0
target['img'] =  torch.Size([1, 640, 960, 3])
target['resolution'] =  [640, 960] train_res =  [640, 960]
validate_itr =  0
target['img'] =  torch.Size([1, 640, 960, 3])
target['resolution'] =  [640, 960] train_res =  [640, 960]
validate_itr =  0
target['img'] =  torch.Size([1, 640, 960, 3])
target['resolution'] =  [640, 960] train_res =  [640, 960]
validate_itr =  0
target['img'] =  torch.Size([1, 640, 960, 3])
target['resolution'] =  [640, 960] train_res =  [640, 960]
validate_itr =  0
target['img'] =  torch.Size([1, 640, 960, 3])
target['resolution'] =  [640, 960] train_res =  [640, 960]
validate_itr =  0
target['img'] =  torch.Size([1, 640, 960, 3])
target['resolution'] =  [640, 960] train_res =  [640, 960]
validate_itr =  0
target['img'] =  torch.Size([1, 640, 960, 3])
target['resolution'] =  [640, 960] train_res =  [640, 960]
validate_itr =  0
target['img'] =  torch.Size([1, 640, 960, 3])
target['resolution'] =  [640, 960] train_res =  [640, 960]
validate_itr =  0
target['img'] =  torch.Size([1, 640, 960, 3])
target['resolution'] =  [640, 960] train_res =  [640, 960]
validate_itr =  0
target['img'] =  torch.Size([1, 640, 960, 3])
target['resolution'] =  [640, 960] train_res =  [640, 960]
validate_itr =  0
target['img'] =  torch.Size([1, 640, 960, 3])
target['resolution'] =  [640, 960] train_res =  [640, 960]
validate_itr =  0
target['img'] =  torch.Size([1, 640, 960, 3])
target['resolution'] =  [640, 960] train_res =  [640, 960]
validate_itr =  0
target['img'] =  torch.Size([1, 640, 960, 3])
target['resolution'] =  [640, 960] train_res =  [640, 960]
validate_itr =  0
target['img'] =  torch.Size([1, 640, 960, 3])
target['resolution'] =  [640, 960] train_res =  [640, 960]
validate_itr =  0
target['img'] =  torch.Size([1, 640, 960, 3])
target['resolution'] =  [640, 960] train_res =  [640, 960]
validate_itr =  0
target['img'] =  torch.Size([1, 640, 960, 3])
target['resolution'] =  [640, 960] train_res =  [640, 960]
validate_itr =  0
target['img'] =  torch.Size([1, 640, 960, 3])
target['resolution'] =  [640, 960] train_res =  [640, 960]
validate_itr =  0
target['img'] =  torch.Size([1, 640, 960, 3])
target['resolution'] =  [640, 960] train_res =  [640, 960]
validate_itr =  0
target['img'] =  torch.Size([1, 640, 960, 3])
target['resolution'] =  [640, 960] train_res =  [640, 960]
validate_itr =  0
target['img'] =  torch.Size([1, 640, 960, 3])
target['resolution'] =  [640, 960] train_res =  [640, 960]
validate_itr =  0
target['img'] =  torch.Size([1, 640, 960, 3])
target['resolution'] =  [640, 960] train_res =  [640, 960]
validate_itr =  0
target['img'] =  torch.Size([1, 640, 960, 3])
target['resolution'] =  [640, 960] train_res =  [640, 960]
validate_itr =  0
target['img'] =  torch.Size([1, 640, 960, 3])
target['resolution'] =  [640, 960] train_res =  [640, 960]
validate_itr =  0
target['img'] =  torch.Size([1, 640, 960, 3])
target['resolution'] =  [640, 960] train_res =  [640, 960]
validate_itr =  0
target['img'] =  torch.Size([1, 640, 960, 3])
target['resolution'] =  [640, 960] train_res =  [640, 960]
validate_itr =  0
target['img'] =  torch.Size([1, 640, 960, 3])
target['resolution'] =  [640, 960] train_res =  [640, 960]
validate_itr =  0
target['img'] =  torch.Size([1, 640, 960, 3])
target['resolution'] =  [640, 960] train_res =  [640, 960]
validate_itr =  0
target['img'] =  torch.Size([1, 640, 960, 3])
target['resolution'] =  [640, 960] train_res =  [640, 960]
validate_itr =  0
target['img'] =  torch.Size([1, 640, 960, 3])
target['resolution'] =  [640, 960] train_res =  [640, 960]
validate_itr =  0
target['img'] =  torch.Size([1, 640, 960, 3])
target['resolution'] =  [640, 960] train_res =  [640, 960]
validate_itr =  0
target['img'] =  torch.Size([1, 640, 960, 3])
target['resolution'] =  [640, 960] train_res =  [640, 960]
validate_itr =  0
target['img'] =  torch.Size([1, 640, 960, 3])
target['resolution'] =  [640, 960] train_res =  [640, 960]
validate_itr =  0
target['img'] =  torch.Size([1, 640, 960, 3])
target['resolution'] =  [640, 960] train_res =  [640, 960]
validate_itr =  0
target['img'] =  torch.Size([1, 640, 960, 3])
target['resolution'] =  [640, 960] train_res =  [640, 960]
validate_itr =  0
target['img'] =  torch.Size([1, 640, 960, 3])
target['resolution'] =  [640, 960] train_res =  [640, 960]
validate_itr =  0
target['img'] =  torch.Size([1, 640, 960, 3])
target['resolution'] =  [640, 960] train_res =  [640, 960]
validate_itr =  0
target['img'] =  torch.Size([1, 640, 960, 3])
target['resolution'] =  [640, 960] train_res =  [640, 960]
validate_itr =  0
target['img'] =  torch.Size([1, 640, 960, 3])
target['resolution'] =  [640, 960] train_res =  [640, 960]
validate_itr =  0
target['img'] =  torch.Size([1, 640, 960, 3])
target['resolution'] =  [640, 960] train_res =  [640, 960]
validate_itr =  0
target['img'] =  torch.Size([1, 640, 960, 3])
target['resolution'] =  [640, 960] train_res =  [640, 960]
validate_itr =  0
target['img'] =  torch.Size([1, 640, 960, 3])
target['resolution'] =  [640, 960] train_res =  [640, 960]
validate_itr =  0
target['img'] =  torch.Size([1, 640, 960, 3])
target['resolution'] =  [640, 960] train_res =  [640, 960]
validate_itr =  0
target['img'] =  torch.Size([1, 640, 960, 3])
target['resolution'] =  [640, 960] train_res =  [640, 960]
validate_itr =  0
target['img'] =  torch.Size([1, 640, 960, 3])
target['resolution'] =  [640, 960] train_res =  [640, 960]
validate_itr =  0
target['img'] =  torch.Size([1, 640, 960, 3])
target['resolution'] =  [640, 960] train_res =  [640, 960]
validate_itr =  0
target['img'] =  torch.Size([1, 640, 960, 3])
target['resolution'] =  [640, 960] train_res =  [640, 960]
validate_itr =  0
target['img'] =  torch.Size([1, 640, 960, 3])
target['resolution'] =  [640, 960] train_res =  [640, 960]
validate_itr =  0
target['img'] =  torch.Size([1, 640, 960, 3])
target['resolution'] =  [640, 960] train_res =  [640, 960]
validate_itr =  0
target['img'] =  torch.Size([1, 640, 960, 3])
target['resolution'] =  [640, 960] train_res =  [640, 960]
validate_itr =  0
target['img'] =  torch.Size([1, 640, 960, 3])
target['resolution'] =  [640, 960] train_res =  [640, 960]
validate_itr =  0
target['img'] =  torch.Size([1, 640, 960, 3])
target['resolution'] =  [640, 960] train_res =  [640, 960]
validate_itr =  0
target['img'] =  torch.Size([1, 640, 960, 3])
target['resolution'] =  [640, 960] train_res =  [640, 960]
validate_itr =  0
target['img'] =  torch.Size([1, 640, 960, 3])
target['resolution'] =  [640, 960] train_res =  [640, 960]
validate_itr =  0
target['img'] =  torch.Size([1, 640, 960, 3])
target['resolution'] =  [640, 960] train_res =  [640, 960]
validate_itr =  0
target['img'] =  torch.Size([1, 640, 960, 3])
target['resolution'] =  [640, 960] train_res =  [640, 960]
validate_itr =  0
target['img'] =  torch.Size([1, 640, 960, 3])
target['resolution'] =  [640, 960] train_res =  [640, 960]
validate_itr =  0
target['img'] =  torch.Size([1, 640, 960, 3])
target['resolution'] =  [640, 960] train_res =  [640, 960]
validate_itr =  0
target['img'] =  torch.Size([1, 640, 960, 3])
target['resolution'] =  [640, 960] train_res =  [640, 960]
validate_itr =  0
target['img'] =  torch.Size([1, 640, 960, 3])
target['resolution'] =  [640, 960] train_res =  [640, 960]
validate_itr =  0
target['img'] =  torch.Size([1, 640, 960, 3])
target['resolution'] =  [640, 960] train_res =  [640, 960]
validate_itr =  0
target['img'] =  torch.Size([1, 640, 960, 3])
target['resolution'] =  [640, 960] train_res =  [640, 960]
validate_itr =  0
target['img'] =  torch.Size([1, 640, 960, 3])
target['resolution'] =  [640, 960] train_res =  [640, 960]
validate_itr =  0
MSE,      PSNR
0.08229118, 10.854
Create initial guess mesh from result
Cuda path /software/cuda-11.6
Base mesh has 620771 triangles and 318573 vertices.
Avg edge length: 0.018556
Dump mesh for debugging
Writing mesh:  out/waymo_test5000/dmtet_mesh/mesh.obj
    writing 318573 vertices
    writing 644235 texcoords
    writing 318573 normals
    writing 620771 faces
Writing material:  out/waymo_test5000/dmtet_mesh/mesh.mtl
Done exporting mesh
Pass 2: Train with fixed topology (mesh)
optimize_mesh
Start enumerate(dataloader_train)
target['img'] =  torch.Size([4, 640, 960, 3])
target['resolution'] =  [640, 960] train_res =  [640, 960]
target['img'] =  torch.Size([1, 640, 960, 3])
target['resolution'] =  [640, 960] train_res =  [640, 960]
validate_itr =  0
concat semantic mask as 4th channel
color_ref =  torch.Size([4, 640, 960, 4])
iter=    0, img_loss=0.817221, reg_loss=0.010119, lr=0.00000, time=273.2 ms, rem=22.77 m
iter=   10, img_loss=0.743724, reg_loss=0.006606, lr=0.00000, time=234.0 ms, rem=19.46 m
iter=   20, img_loss=0.756272, reg_loss=0.007585, lr=0.00000, time=240.9 ms, rem=19.99 m
iter=   30, img_loss=0.761499, reg_loss=0.007981, lr=0.00000, time=242.9 ms, rem=20.12 m
iter=   40, img_loss=0.760166, reg_loss=0.007769, lr=0.00000, time=240.2 ms, rem=19.86 m

validation: 
FLAGS.n_samples:  32
Running validation
target['img'] =  torch.Size([1, 640, 960, 3])
target['resolution'] =  [640, 960] train_res =  [640, 960]
validate_itr =  0
target['img'] =  torch.Size([1, 640, 960, 3])
target['resolution'] =  [640, 960] train_res =  [640, 960]
validate_itr =  0
target['img'] =  torch.Size([1, 640, 960, 3])
target['resolution'] =  [640, 960] train_res =  [640, 960]
validate_itr =  0
target['img'] =  torch.Size([1, 640, 960, 3])
target['resolution'] =  [640, 960] train_res =  [640, 960]
validate_itr =  0
target['img'] =  torch.Size([1, 640, 960, 3])
target['resolution'] =  [640, 960] train_res =  [640, 960]
validate_itr =  0
target['img'] =  torch.Size([1, 640, 960, 3])
target['resolution'] =  [640, 960] train_res =  [640, 960]
validate_itr =  0
target['img'] =  torch.Size([1, 640, 960, 3])
target['resolution'] =  [640, 960] train_res =  [640, 960]
validate_itr =  0
target['img'] =  torch.Size([1, 640, 960, 3])
target['resolution'] =  [640, 960] train_res =  [640, 960]
validate_itr =  0
target['img'] =  torch.Size([1, 640, 960, 3])
target['resolution'] =  [640, 960] train_res =  [640, 960]
validate_itr =  0
target['img'] =  torch.Size([1, 640, 960, 3])
target['resolution'] =  [640, 960] train_res =  [640, 960]
validate_itr =  0
target['img'] =  torch.Size([1, 640, 960, 3])
target['resolution'] =  [640, 960] train_res =  [640, 960]
validate_itr =  0
target['img'] =  torch.Size([1, 640, 960, 3])
target['resolution'] =  [640, 960] train_res =  [640, 960]
validate_itr =  0
target['img'] =  torch.Size([1, 640, 960, 3])
target['resolution'] =  [640, 960] train_res =  [640, 960]
validate_itr =  0
target['img'] =  torch.Size([1, 640, 960, 3])
target['resolution'] =  [640, 960] train_res =  [640, 960]
validate_itr =  0
target['img'] =  torch.Size([1, 640, 960, 3])
target['resolution'] =  [640, 960] train_res =  [640, 960]
validate_itr =  0
target['img'] =  torch.Size([1, 640, 960, 3])
target['resolution'] =  [640, 960] train_res =  [640, 960]
validate_itr =  0
target['img'] =  torch.Size([1, 640, 960, 3])
target['resolution'] =  [640, 960] train_res =  [640, 960]
validate_itr =  0
target['img'] =  torch.Size([1, 640, 960, 3])
target['resolution'] =  [640, 960] train_res =  [640, 960]
validate_itr =  0
target['img'] =  torch.Size([1, 640, 960, 3])
target['resolution'] =  [640, 960] train_res =  [640, 960]
validate_itr =  0
target['img'] =  torch.Size([1, 640, 960, 3])
target['resolution'] =  [640, 960] train_res =  [640, 960]
validate_itr =  0
target['img'] =  torch.Size([1, 640, 960, 3])
target['resolution'] =  [640, 960] train_res =  [640, 960]
validate_itr =  0
target['img'] =  torch.Size([1, 640, 960, 3])
target['resolution'] =  [640, 960] train_res =  [640, 960]
validate_itr =  0
target['img'] =  torch.Size([1, 640, 960, 3])
target['resolution'] =  [640, 960] train_res =  [640, 960]
validate_itr =  0
target['img'] =  torch.Size([1, 640, 960, 3])
target['resolution'] =  [640, 960] train_res =  [640, 960]
validate_itr =  0
target['img'] =  torch.Size([1, 640, 960, 3])
target['resolution'] =  [640, 960] train_res =  [640, 960]
validate_itr =  0
target['img'] =  torch.Size([1, 640, 960, 3])
target['resolution'] =  [640, 960] train_res =  [640, 960]
validate_itr =  0
target['img'] =  torch.Size([1, 640, 960, 3])
target['resolution'] =  [640, 960] train_res =  [640, 960]
validate_itr =  0
target['img'] =  torch.Size([1, 640, 960, 3])
target['resolution'] =  [640, 960] train_res =  [640, 960]
validate_itr =  0
target['img'] =  torch.Size([1, 640, 960, 3])
target['resolution'] =  [640, 960] train_res =  [640, 960]
validate_itr =  0
target['img'] =  torch.Size([1, 640, 960, 3])
target['resolution'] =  [640, 960] train_res =  [640, 960]
validate_itr =  0
target['img'] =  torch.Size([1, 640, 960, 3])
target['resolution'] =  [640, 960] train_res =  [640, 960]
validate_itr =  0
target['img'] =  torch.Size([1, 640, 960, 3])
target['resolution'] =  [640, 960] train_res =  [640, 960]
validate_itr =  0
target['img'] =  torch.Size([1, 640, 960, 3])
target['resolution'] =  [640, 960] train_res =  [640, 960]
validate_itr =  0
target['img'] =  torch.Size([1, 640, 960, 3])
target['resolution'] =  [640, 960] train_res =  [640, 960]
validate_itr =  0
target['img'] =  torch.Size([1, 640, 960, 3])
target['resolution'] =  [640, 960] train_res =  [640, 960]
validate_itr =  0
target['img'] =  torch.Size([1, 640, 960, 3])
target['resolution'] =  [640, 960] train_res =  [640, 960]
validate_itr =  0
target['img'] =  torch.Size([1, 640, 960, 3])
target['resolution'] =  [640, 960] train_res =  [640, 960]
validate_itr =  0
target['img'] =  torch.Size([1, 640, 960, 3])
target['resolution'] =  [640, 960] train_res =  [640, 960]
validate_itr =  0
target['img'] =  torch.Size([1, 640, 960, 3])
target['resolution'] =  [640, 960] train_res =  [640, 960]
validate_itr =  0
target['img'] =  torch.Size([1, 640, 960, 3])
target['resolution'] =  [640, 960] train_res =  [640, 960]
validate_itr =  0
target['img'] =  torch.Size([1, 640, 960, 3])
target['resolution'] =  [640, 960] train_res =  [640, 960]
validate_itr =  0
target['img'] =  torch.Size([1, 640, 960, 3])
target['resolution'] =  [640, 960] train_res =  [640, 960]
validate_itr =  0
target['img'] =  torch.Size([1, 640, 960, 3])
target['resolution'] =  [640, 960] train_res =  [640, 960]
validate_itr =  0
target['img'] =  torch.Size([1, 640, 960, 3])
target['resolution'] =  [640, 960] train_res =  [640, 960]
validate_itr =  0
target['img'] =  torch.Size([1, 640, 960, 3])
target['resolution'] =  [640, 960] train_res =  [640, 960]
validate_itr =  0
target['img'] =  torch.Size([1, 640, 960, 3])
target['resolution'] =  [640, 960] train_res =  [640, 960]
validate_itr =  0
target['img'] =  torch.Size([1, 640, 960, 3])
target['resolution'] =  [640, 960] train_res =  [640, 960]
validate_itr =  0
target['img'] =  torch.Size([1, 640, 960, 3])
target['resolution'] =  [640, 960] train_res =  [640, 960]
validate_itr =  0
target['img'] =  torch.Size([1, 640, 960, 3])
target['resolution'] =  [640, 960] train_res =  [640, 960]
validate_itr =  0
target['img'] =  torch.Size([1, 640, 960, 3])
target['resolution'] =  [640, 960] train_res =  [640, 960]
validate_itr =  0
target['img'] =  torch.Size([1, 640, 960, 3])
target['resolution'] =  [640, 960] train_res =  [640, 960]
validate_itr =  0
target['img'] =  torch.Size([1, 640, 960, 3])
target['resolution'] =  [640, 960] train_res =  [640, 960]
validate_itr =  0
target['img'] =  torch.Size([1, 640, 960, 3])
target['resolution'] =  [640, 960] train_res =  [640, 960]
validate_itr =  0
target['img'] =  torch.Size([1, 640, 960, 3])
target['resolution'] =  [640, 960] train_res =  [640, 960]
validate_itr =  0
target['img'] =  torch.Size([1, 640, 960, 3])
target['resolution'] =  [640, 960] train_res =  [640, 960]
validate_itr =  0
target['img'] =  torch.Size([1, 640, 960, 3])
target['resolution'] =  [640, 960] train_res =  [640, 960]
validate_itr =  0
target['img'] =  torch.Size([1, 640, 960, 3])
target['resolution'] =  [640, 960] train_res =  [640, 960]
validate_itr =  0
target['img'] =  torch.Size([1, 640, 960, 3])
target['resolution'] =  [640, 960] train_res =  [640, 960]
validate_itr =  0
target['img'] =  torch.Size([1, 640, 960, 3])
target['resolution'] =  [640, 960] train_res =  [640, 960]
validate_itr =  0
target['img'] =  torch.Size([1, 640, 960, 3])
target['resolution'] =  [640, 960] train_res =  [640, 960]
validate_itr =  0
target['img'] =  torch.Size([1, 640, 960, 3])
target['resolution'] =  [640, 960] train_res =  [640, 960]
validate_itr =  0
target['img'] =  torch.Size([1, 640, 960, 3])
target['resolution'] =  [640, 960] train_res =  [640, 960]
validate_itr =  0
target['img'] =  torch.Size([1, 640, 960, 3])
target['resolution'] =  [640, 960] train_res =  [640, 960]
validate_itr =  0
target['img'] =  torch.Size([1, 640, 960, 3])
target['resolution'] =  [640, 960] train_res =  [640, 960]
validate_itr =  0
target['img'] =  torch.Size([1, 640, 960, 3])
target['resolution'] =  [640, 960] train_res =  [640, 960]
validate_itr =  0
target['img'] =  torch.Size([1, 640, 960, 3])
target['resolution'] =  [640, 960] train_res =  [640, 960]
validate_itr =  0
target['img'] =  torch.Size([1, 640, 960, 3])
target['resolution'] =  [640, 960] train_res =  [640, 960]
validate_itr =  0
target['img'] =  torch.Size([1, 640, 960, 3])
target['resolution'] =  [640, 960] train_res =  [640, 960]
validate_itr =  0
target['img'] =  torch.Size([1, 640, 960, 3])
target['resolution'] =  [640, 960] train_res =  [640, 960]
validate_itr =  0
target['img'] =  torch.Size([1, 640, 960, 3])
target['resolution'] =  [640, 960] train_res =  [640, 960]
validate_itr =  0
target['img'] =  torch.Size([1, 640, 960, 3])
target['resolution'] =  [640, 960] train_res =  [640, 960]
validate_itr =  0
target['img'] =  torch.Size([1, 640, 960, 3])
target['resolution'] =  [640, 960] train_res =  [640, 960]
validate_itr =  0
target['img'] =  torch.Size([1, 640, 960, 3])
target['resolution'] =  [640, 960] train_res =  [640, 960]
validate_itr =  0
target['img'] =  torch.Size([1, 640, 960, 3])
target['resolution'] =  [640, 960] train_res =  [640, 960]
validate_itr =  0
target['img'] =  torch.Size([1, 640, 960, 3])
target['resolution'] =  [640, 960] train_res =  [640, 960]
validate_itr =  0
target['img'] =  torch.Size([1, 640, 960, 3])
target['resolution'] =  [640, 960] train_res =  [640, 960]
validate_itr =  0
target['img'] =  torch.Size([1, 640, 960, 3])
target['resolution'] =  [640, 960] train_res =  [640, 960]
validate_itr =  0
target['img'] =  torch.Size([1, 640, 960, 3])
target['resolution'] =  [640, 960] train_res =  [640, 960]
validate_itr =  0
target['img'] =  torch.Size([1, 640, 960, 3])
target['resolution'] =  [640, 960] train_res =  [640, 960]
validate_itr =  0
target['img'] =  torch.Size([1, 640, 960, 3])
target['resolution'] =  [640, 960] train_res =  [640, 960]
validate_itr =  0
target['img'] =  torch.Size([1, 640, 960, 3])
target['resolution'] =  [640, 960] train_res =  [640, 960]
validate_itr =  0
target['img'] =  torch.Size([1, 640, 960, 3])
target['resolution'] =  [640, 960] train_res =  [640, 960]
validate_itr =  0
target['img'] =  torch.Size([1, 640, 960, 3])
target['resolution'] =  [640, 960] train_res =  [640, 960]
validate_itr =  0
target['img'] =  torch.Size([1, 640, 960, 3])
target['resolution'] =  [640, 960] train_res =  [640, 960]
validate_itr =  0
target['img'] =  torch.Size([1, 640, 960, 3])
target['resolution'] =  [640, 960] train_res =  [640, 960]
validate_itr =  0
target['img'] =  torch.Size([1, 640, 960, 3])
target['resolution'] =  [640, 960] train_res =  [640, 960]
validate_itr =  0
target['img'] =  torch.Size([1, 640, 960, 3])
target['resolution'] =  [640, 960] train_res =  [640, 960]
validate_itr =  0
target['img'] =  torch.Size([1, 640, 960, 3])
target['resolution'] =  [640, 960] train_res =  [640, 960]
validate_itr =  0
target['img'] =  torch.Size([1, 640, 960, 3])
target['resolution'] =  [640, 960] train_res =  [640, 960]
validate_itr =  0
target['img'] =  torch.Size([1, 640, 960, 3])
target['resolution'] =  [640, 960] train_res =  [640, 960]
validate_itr =  0
target['img'] =  torch.Size([1, 640, 960, 3])
target['resolution'] =  [640, 960] train_res =  [640, 960]
validate_itr =  0
target['img'] =  torch.Size([1, 640, 960, 3])
target['resolution'] =  [640, 960] train_res =  [640, 960]
validate_itr =  0
target['img'] =  torch.Size([1, 640, 960, 3])
target['resolution'] =  [640, 960] train_res =  [640, 960]
validate_itr =  0
target['img'] =  torch.Size([1, 640, 960, 3])
target['resolution'] =  [640, 960] train_res =  [640, 960]
validate_itr =  0
target['img'] =  torch.Size([1, 640, 960, 3])
target['resolution'] =  [640, 960] train_res =  [640, 960]
validate_itr =  0
target['img'] =  torch.Size([1, 640, 960, 3])
target['resolution'] =  [640, 960] train_res =  [640, 960]
validate_itr =  0
target['img'] =  torch.Size([1, 640, 960, 3])
target['resolution'] =  [640, 960] train_res =  [640, 960]
validate_itr =  0
target['img'] =  torch.Size([1, 640, 960, 3])
target['resolution'] =  [640, 960] train_res =  [640, 960]
validate_itr =  0
target['img'] =  torch.Size([1, 640, 960, 3])
target['resolution'] =  [640, 960] train_res =  [640, 960]
validate_itr =  0
target['img'] =  torch.Size([1, 640, 960, 3])
target['resolution'] =  [640, 960] train_res =  [640, 960]
validate_itr =  0
target['img'] =  torch.Size([1, 640, 960, 3])
target['resolution'] =  [640, 960] train_res =  [640, 960]
validate_itr =  0
target['img'] =  torch.Size([1, 640, 960, 3])
target['resolution'] =  [640, 960] train_res =  [640, 960]
validate_itr =  0
target['img'] =  torch.Size([1, 640, 960, 3])
target['resolution'] =  [640, 960] train_res =  [640, 960]
validate_itr =  0
target['img'] =  torch.Size([1, 640, 960, 3])
target['resolution'] =  [640, 960] train_res =  [640, 960]
validate_itr =  0
target['img'] =  torch.Size([1, 640, 960, 3])
target['resolution'] =  [640, 960] train_res =  [640, 960]
validate_itr =  0
target['img'] =  torch.Size([1, 640, 960, 3])
target['resolution'] =  [640, 960] train_res =  [640, 960]
validate_itr =  0
target['img'] =  torch.Size([1, 640, 960, 3])
target['resolution'] =  [640, 960] train_res =  [640, 960]
validate_itr =  0
target['img'] =  torch.Size([1, 640, 960, 3])
target['resolution'] =  [640, 960] train_res =  [640, 960]
validate_itr =  0
target['img'] =  torch.Size([1, 640, 960, 3])
target['resolution'] =  [640, 960] train_res =  [640, 960]
validate_itr =  0
target['img'] =  torch.Size([1, 640, 960, 3])
target['resolution'] =  [640, 960] train_res =  [640, 960]
validate_itr =  0
target['img'] =  torch.Size([1, 640, 960, 3])
target['resolution'] =  [640, 960] train_res =  [640, 960]
validate_itr =  0
target['img'] =  torch.Size([1, 640, 960, 3])
target['resolution'] =  [640, 960] train_res =  [640, 960]
validate_itr =  0
target['img'] =  torch.Size([1, 640, 960, 3])
target['resolution'] =  [640, 960] train_res =  [640, 960]
validate_itr =  0
target['img'] =  torch.Size([1, 640, 960, 3])
target['resolution'] =  [640, 960] train_res =  [640, 960]
validate_itr =  0
target['img'] =  torch.Size([1, 640, 960, 3])
target['resolution'] =  [640, 960] train_res =  [640, 960]
validate_itr =  0
target['img'] =  torch.Size([1, 640, 960, 3])
target['resolution'] =  [640, 960] train_res =  [640, 960]
validate_itr =  0
target['img'] =  torch.Size([1, 640, 960, 3])
target['resolution'] =  [640, 960] train_res =  [640, 960]
validate_itr =  0
target['img'] =  torch.Size([1, 640, 960, 3])
target['resolution'] =  [640, 960] train_res =  [640, 960]
validate_itr =  0
target['img'] =  torch.Size([1, 640, 960, 3])
target['resolution'] =  [640, 960] train_res =  [640, 960]
validate_itr =  0
target['img'] =  torch.Size([1, 640, 960, 3])
target['resolution'] =  [640, 960] train_res =  [640, 960]
validate_itr =  0
target['img'] =  torch.Size([1, 640, 960, 3])
target['resolution'] =  [640, 960] train_res =  [640, 960]
validate_itr =  0
target['img'] =  torch.Size([1, 640, 960, 3])
target['resolution'] =  [640, 960] train_res =  [640, 960]
validate_itr =  0
target['img'] =  torch.Size([1, 640, 960, 3])
target['resolution'] =  [640, 960] train_res =  [640, 960]
validate_itr =  0
target['img'] =  torch.Size([1, 640, 960, 3])
target['resolution'] =  [640, 960] train_res =  [640, 960]
validate_itr =  0
target['img'] =  torch.Size([1, 640, 960, 3])
target['resolution'] =  [640, 960] train_res =  [640, 960]
validate_itr =  0
target['img'] =  torch.Size([1, 640, 960, 3])
target['resolution'] =  [640, 960] train_res =  [640, 960]
validate_itr =  0
target['img'] =  torch.Size([1, 640, 960, 3])
target['resolution'] =  [640, 960] train_res =  [640, 960]
validate_itr =  0
target['img'] =  torch.Size([1, 640, 960, 3])
target['resolution'] =  [640, 960] train_res =  [640, 960]
validate_itr =  0
target['img'] =  torch.Size([1, 640, 960, 3])
target['resolution'] =  [640, 960] train_res =  [640, 960]
validate_itr =  0
target['img'] =  torch.Size([1, 640, 960, 3])
target['resolution'] =  [640, 960] train_res =  [640, 960]
validate_itr =  0
target['img'] =  torch.Size([1, 640, 960, 3])
target['resolution'] =  [640, 960] train_res =  [640, 960]
validate_itr =  0
target['img'] =  torch.Size([1, 640, 960, 3])
target['resolution'] =  [640, 960] train_res =  [640, 960]
validate_itr =  0
target['img'] =  torch.Size([1, 640, 960, 3])
target['resolution'] =  [640, 960] train_res =  [640, 960]
validate_itr =  0
target['img'] =  torch.Size([1, 640, 960, 3])
target['resolution'] =  [640, 960] train_res =  [640, 960]
validate_itr =  0
target['img'] =  torch.Size([1, 640, 960, 3])
target['resolution'] =  [640, 960] train_res =  [640, 960]
validate_itr =  0
target['img'] =  torch.Size([1, 640, 960, 3])
target['resolution'] =  [640, 960] train_res =  [640, 960]
validate_itr =  0
target['img'] =  torch.Size([1, 640, 960, 3])
target['resolution'] =  [640, 960] train_res =  [640, 960]
validate_itr =  0
target['img'] =  torch.Size([1, 640, 960, 3])
target['resolution'] =  [640, 960] train_res =  [640, 960]
validate_itr =  0
target['img'] =  torch.Size([1, 640, 960, 3])
target['resolution'] =  [640, 960] train_res =  [640, 960]
validate_itr =  0
target['img'] =  torch.Size([1, 640, 960, 3])
target['resolution'] =  [640, 960] train_res =  [640, 960]
validate_itr =  0
target['img'] =  torch.Size([1, 640, 960, 3])
target['resolution'] =  [640, 960] train_res =  [640, 960]
validate_itr =  0
target['img'] =  torch.Size([1, 640, 960, 3])
target['resolution'] =  [640, 960] train_res =  [640, 960]
validate_itr =  0
target['img'] =  torch.Size([1, 640, 960, 3])
target['resolution'] =  [640, 960] train_res =  [640, 960]
validate_itr =  0
target['img'] =  torch.Size([1, 640, 960, 3])
target['resolution'] =  [640, 960] train_res =  [640, 960]
validate_itr =  0
target['img'] =  torch.Size([1, 640, 960, 3])
target['resolution'] =  [640, 960] train_res =  [640, 960]
validate_itr =  0
target['img'] =  torch.Size([1, 640, 960, 3])
target['resolution'] =  [640, 960] train_res =  [640, 960]
validate_itr =  0
target['img'] =  torch.Size([1, 640, 960, 3])
target['resolution'] =  [640, 960] train_res =  [640, 960]
validate_itr =  0
target['img'] =  torch.Size([1, 640, 960, 3])
target['resolution'] =  [640, 960] train_res =  [640, 960]
validate_itr =  0
target['img'] =  torch.Size([1, 640, 960, 3])
target['resolution'] =  [640, 960] train_res =  [640, 960]
validate_itr =  0
target['img'] =  torch.Size([1, 640, 960, 3])
target['resolution'] =  [640, 960] train_res =  [640, 960]
validate_itr =  0
target['img'] =  torch.Size([1, 640, 960, 3])
target['resolution'] =  [640, 960] train_res =  [640, 960]
validate_itr =  0
target['img'] =  torch.Size([1, 640, 960, 3])
target['resolution'] =  [640, 960] train_res =  [640, 960]
validate_itr =  0
target['img'] =  torch.Size([1, 640, 960, 3])
target['resolution'] =  [640, 960] train_res =  [640, 960]
validate_itr =  0
target['img'] =  torch.Size([1, 640, 960, 3])
target['resolution'] =  [640, 960] train_res =  [640, 960]
validate_itr =  0
target['img'] =  torch.Size([1, 640, 960, 3])
target['resolution'] =  [640, 960] train_res =  [640, 960]
validate_itr =  0
target['img'] =  torch.Size([1, 640, 960, 3])
target['resolution'] =  [640, 960] train_res =  [640, 960]
validate_itr =  0
target['img'] =  torch.Size([1, 640, 960, 3])
target['resolution'] =  [640, 960] train_res =  [640, 960]
validate_itr =  0
target['img'] =  torch.Size([1, 640, 960, 3])
target['resolution'] =  [640, 960] train_res =  [640, 960]
validate_itr =  0
target['img'] =  torch.Size([1, 640, 960, 3])
target['resolution'] =  [640, 960] train_res =  [640, 960]
validate_itr =  0
target['img'] =  torch.Size([1, 640, 960, 3])
target['resolution'] =  [640, 960] train_res =  [640, 960]
validate_itr =  0
target['img'] =  torch.Size([1, 640, 960, 3])
target['resolution'] =  [640, 960] train_res =  [640, 960]
validate_itr =  0
target['img'] =  torch.Size([1, 640, 960, 3])
target['resolution'] =  [640, 960] train_res =  [640, 960]
validate_itr =  0
target['img'] =  torch.Size([1, 640, 960, 3])
target['resolution'] =  [640, 960] train_res =  [640, 960]
validate_itr =  0
target['img'] =  torch.Size([1, 640, 960, 3])
target['resolution'] =  [640, 960] train_res =  [640, 960]
validate_itr =  0
target['img'] =  torch.Size([1, 640, 960, 3])
target['resolution'] =  [640, 960] train_res =  [640, 960]
validate_itr =  0
target['img'] =  torch.Size([1, 640, 960, 3])
target['resolution'] =  [640, 960] train_res =  [640, 960]
validate_itr =  0
target['img'] =  torch.Size([1, 640, 960, 3])
target['resolution'] =  [640, 960] train_res =  [640, 960]
validate_itr =  0
target['img'] =  torch.Size([1, 640, 960, 3])
target['resolution'] =  [640, 960] train_res =  [640, 960]
validate_itr =  0
target['img'] =  torch.Size([1, 640, 960, 3])
target['resolution'] =  [640, 960] train_res =  [640, 960]
validate_itr =  0
target['img'] =  torch.Size([1, 640, 960, 3])
target['resolution'] =  [640, 960] train_res =  [640, 960]
validate_itr =  0
target['img'] =  torch.Size([1, 640, 960, 3])
target['resolution'] =  [640, 960] train_res =  [640, 960]
validate_itr =  0
target['img'] =  torch.Size([1, 640, 960, 3])
target['resolution'] =  [640, 960] train_res =  [640, 960]
validate_itr =  0
target['img'] =  torch.Size([1, 640, 960, 3])
target['resolution'] =  [640, 960] train_res =  [640, 960]
validate_itr =  0
target['img'] =  torch.Size([1, 640, 960, 3])
target['resolution'] =  [640, 960] train_res =  [640, 960]
validate_itr =  0
target['img'] =  torch.Size([1, 640, 960, 3])
target['resolution'] =  [640, 960] train_res =  [640, 960]
validate_itr =  0
target['img'] =  torch.Size([1, 640, 960, 3])
target['resolution'] =  [640, 960] train_res =  [640, 960]
validate_itr =  0
target['img'] =  torch.Size([1, 640, 960, 3])
target['resolution'] =  [640, 960] train_res =  [640, 960]
validate_itr =  0
target['img'] =  torch.Size([1, 640, 960, 3])
target['resolution'] =  [640, 960] train_res =  [640, 960]
validate_itr =  0
target['img'] =  torch.Size([1, 640, 960, 3])
target['resolution'] =  [640, 960] train_res =  [640, 960]
validate_itr =  0
target['img'] =  torch.Size([1, 640, 960, 3])
target['resolution'] =  [640, 960] train_res =  [640, 960]
validate_itr =  0
target['img'] =  torch.Size([1, 640, 960, 3])
target['resolution'] =  [640, 960] train_res =  [640, 960]
validate_itr =  0
target['img'] =  torch.Size([1, 640, 960, 3])
target['resolution'] =  [640, 960] train_res =  [640, 960]
validate_itr =  0
target['img'] =  torch.Size([1, 640, 960, 3])
target['resolution'] =  [640, 960] train_res =  [640, 960]
validate_itr =  0
target['img'] =  torch.Size([1, 640, 960, 3])
target['resolution'] =  [640, 960] train_res =  [640, 960]
validate_itr =  0
target['img'] =  torch.Size([1, 640, 960, 3])
target['resolution'] =  [640, 960] train_res =  [640, 960]
validate_itr =  0
target['img'] =  torch.Size([1, 640, 960, 3])
target['resolution'] =  [640, 960] train_res =  [640, 960]
validate_itr =  0
target['img'] =  torch.Size([1, 640, 960, 3])
target['resolution'] =  [640, 960] train_res =  [640, 960]
validate_itr =  0
target['img'] =  torch.Size([1, 640, 960, 3])
target['resolution'] =  [640, 960] train_res =  [640, 960]
validate_itr =  0
target['img'] =  torch.Size([1, 640, 960, 3])
target['resolution'] =  [640, 960] train_res =  [640, 960]
validate_itr =  0
target['img'] =  torch.Size([1, 640, 960, 3])
target['resolution'] =  [640, 960] train_res =  [640, 960]
validate_itr =  0
target['img'] =  torch.Size([1, 640, 960, 3])
target['resolution'] =  [640, 960] train_res =  [640, 960]
validate_itr =  0
target['img'] =  torch.Size([1, 640, 960, 3])
target['resolution'] =  [640, 960] train_res =  [640, 960]
validate_itr =  0
target['img'] =  torch.Size([1, 640, 960, 3])
target['resolution'] =  [640, 960] train_res =  [640, 960]
validate_itr =  0
target['img'] =  torch.Size([1, 640, 960, 3])
target['resolution'] =  [640, 960] train_res =  [640, 960]
validate_itr =  0
target['img'] =  torch.Size([1, 640, 960, 3])
target['resolution'] =  [640, 960] train_res =  [640, 960]
validate_itr =  0
target['img'] =  torch.Size([1, 640, 960, 3])
target['resolution'] =  [640, 960] train_res =  [640, 960]
validate_itr =  0
target['img'] =  torch.Size([1, 640, 960, 3])
target['resolution'] =  [640, 960] train_res =  [640, 960]
validate_itr =  0
target['img'] =  torch.Size([1, 640, 960, 3])
target['resolution'] =  [640, 960] train_res =  [640, 960]
validate_itr =  0
MSE,      PSNR
0.07870903, 11.052
Writing mesh:  out/waymo_test5000/mesh/mesh.obj
    writing 318573 vertices
    writing 644235 texcoords
    writing 318573 normals
    writing 620771 faces
Writing material:  out/waymo_test5000/mesh/mesh.mtl
Done exporting mesh
OptiXStateWrapper destructor 
