Using /home/kc81/.cache/torch_extensions/py39_cu116 as PyTorch extensions root...
Detected CUDA files, patching ldflags
Emitting ninja build file /home/kc81/.cache/torch_extensions/py39_cu116/optixutils_plugin/build.ninja...
Building extension module optixutils_plugin...
Allowing ninja to set a default number of workers... (overridable by setting the environment variable MAX_JOBS=N)
Loading extension module optixutils_plugin...
/home/kc81/anaconda3/envs/dmodel3/lib/python3.9/site-packages/torch/functional.py:504: UserWarning: torch.meshgrid: in an upcoming release, it will be required to pass the indexing argument. (Triggered internally at ../aten/src/ATen/native/TensorShape.cpp:3190.)
  return _VF.meshgrid(tensors, **kwargs)  # type: ignore[attr-defined]
Using /home/kc81/.cache/torch_extensions/py39_cu116 as PyTorch extensions root...
Detected CUDA files, patching ldflags
Emitting ninja build file /home/kc81/.cache/torch_extensions/py39_cu116/renderutils_plugin/build.ninja...
Building extension module renderutils_plugin...
Allowing ninja to set a default number of workers... (overridable by setting the environment variable MAX_JOBS=N)
Loading extension module renderutils_plugin...
/home/kc81/current_projects/nvdiffrecmc/script/train.sh: line 24: n: command not found
Using /home/kc81/.cache/torch_extensions/py39_cu116 as PyTorch extensions root...
Detected CUDA files, patching ldflags
Emitting ninja build file /home/kc81/.cache/torch_extensions/py39_cu116/optixutils_plugin/build.ninja...
Building extension module optixutils_plugin...
Allowing ninja to set a default number of workers... (overridable by setting the environment variable MAX_JOBS=N)
Loading extension module optixutils_plugin...
/home/kc81/anaconda3/envs/dmodel3/lib/python3.9/site-packages/torch/functional.py:504: UserWarning: torch.meshgrid: in an upcoming release, it will be required to pass the indexing argument. (Triggered internally at ../aten/src/ATen/native/TensorShape.cpp:3190.)
  return _VF.meshgrid(tensors, **kwargs)  # type: ignore[attr-defined]
Using /home/kc81/.cache/torch_extensions/py39_cu116 as PyTorch extensions root...
Detected CUDA files, patching ldflags
Emitting ninja build file /home/kc81/.cache/torch_extensions/py39_cu116/renderutils_plugin/build.ninja...
Building extension module renderutils_plugin...
Allowing ninja to set a default number of workers... (overridable by setting the environment variable MAX_JOBS=N)
Loading extension module renderutils_plugin...
