000 (224303.000.000) 03/11 23:12:44 Job submitted from host: <172.22.224.127:9618?addrs=172.22.224.127-9618&noUDP&sock=2098_a1c8_4>
...
009 (224303.000.000) 03/11 23:21:32 Job was aborted by the user.
	via condor_rm (by user kc81)
...
000 (224309.000.000) 03/11 23:29:32 Job submitted from host: <172.22.224.127:9618?addrs=172.22.224.127-9618&noUDP&sock=2098_a1c8_4>
...
000 (224311.000.000) 03/11 23:35:43 Job submitted from host: <172.22.224.127:9618?addrs=172.22.224.127-9618&noUDP&sock=2098_a1c8_4>
...
001 (224311.000.000) 03/11 23:35:45 Job executing on host: <172.22.224.168:9618?addrs=172.22.224.168-9618&noUDP&sock=95108_c177_3>
...
006 (224311.000.000) 03/11 23:35:54 Image size of job updated: 155128
	3  -  MemoryUsage of job (MB)
	2948  -  ResidentSetSize of job (KB)
...
006 (224311.000.000) 03/11 23:38:08 Image size of job updated: 10681264
	3  -  MemoryUsage of job (MB)
	2948  -  ResidentSetSize of job (KB)
...
005 (224311.000.000) 03/11 23:38:09 Job terminated.
	(1) Normal termination (return value 1)
		Usr 0 00:00:56, Sys 0 00:00:14  -  Run Remote Usage
		Usr 0 00:00:00, Sys 0 00:00:00  -  Run Local Usage
		Usr 0 00:00:56, Sys 0 00:00:14  -  Total Remote Usage
		Usr 0 00:00:00, Sys 0 00:00:00  -  Total Local Usage
	0  -  Run Bytes Sent By Job
	0  -  Run Bytes Received By Job
	0  -  Total Bytes Sent By Job
	0  -  Total Bytes Received By Job
	Partitionable Resources :    Usage  Request Allocated Assigned
	   Cpus                 :     0.52        4         4 
	   Disk (KB)            :     2           2      4231 
	   Gpus                 :     0.00        1         1 "CUDA1"
	   Memory (MB)          :     3           1       128 
...
000 (224312.000.000) 03/11 23:40:29 Job submitted from host: <172.22.224.127:9618?addrs=172.22.224.127-9618&noUDP&sock=2098_a1c8_4>
...
001 (224312.000.000) 03/11 23:40:29 Job executing on host: <172.22.224.168:9618?addrs=172.22.224.168-9618&noUDP&sock=95108_c177_3>
...
006 (224312.000.000) 03/11 23:40:38 Image size of job updated: 2482248
	116  -  MemoryUsage of job (MB)
	117860  -  ResidentSetSize of job (KB)
...
009 (224309.000.000) 03/11 23:40:42 Job was aborted by the user.
	via condor_rm (by user kc81)
...
006 (224312.000.000) 03/11 23:41:36 Image size of job updated: 9196508
	116  -  MemoryUsage of job (MB)
	118136  -  ResidentSetSize of job (KB)
...
005 (224312.000.000) 03/11 23:41:36 Job terminated.
	(1) Normal termination (return value 1)
		Usr 0 00:00:53, Sys 0 00:00:10  -  Run Remote Usage
		Usr 0 00:00:00, Sys 0 00:00:00  -  Run Local Usage
		Usr 0 00:00:53, Sys 0 00:00:10  -  Total Remote Usage
		Usr 0 00:00:00, Sys 0 00:00:00  -  Total Local Usage
	0  -  Run Bytes Sent By Job
	0  -  Run Bytes Received By Job
	0  -  Total Bytes Sent By Job
	0  -  Total Bytes Received By Job
	Partitionable Resources :    Usage  Request Allocated Assigned
	   Cpus                 :     1.00        4         4 
	   Disk (KB)            :     2           2      4231 
	   Gpus                 :     0.00        1         1 "CUDA1"
	   Memory (MB)          :   116           1       128 
...
000 (224313.000.000) 03/11 23:46:01 Job submitted from host: <172.22.224.127:9618?addrs=172.22.224.127-9618&noUDP&sock=2098_a1c8_4>
...
001 (224313.000.000) 03/11 23:46:05 Job executing on host: <172.22.224.168:9618?addrs=172.22.224.168-9618&noUDP&sock=95108_c177_3>
...
006 (224313.000.000) 03/11 23:46:13 Image size of job updated: 208220
	125  -  MemoryUsage of job (MB)
	127588  -  ResidentSetSize of job (KB)
...
006 (224313.000.000) 03/11 23:51:13 Image size of job updated: 70916824
	4243  -  MemoryUsage of job (MB)
	4344696  -  ResidentSetSize of job (KB)
...
006 (224313.000.000) 03/11 23:56:15 Image size of job updated: 70916824
	4244  -  MemoryUsage of job (MB)
	4345376  -  ResidentSetSize of job (KB)
...
006 (224313.000.000) 03/12 00:01:15 Image size of job updated: 70916824
	4245  -  MemoryUsage of job (MB)
	4346068  -  ResidentSetSize of job (KB)
...
006 (224313.000.000) 03/12 00:06:15 Image size of job updated: 70916824
	4245  -  MemoryUsage of job (MB)
	4346808  -  ResidentSetSize of job (KB)
...
006 (224313.000.000) 03/12 00:11:16 Image size of job updated: 70916824
	4246  -  MemoryUsage of job (MB)
	4347444  -  ResidentSetSize of job (KB)
...
006 (224313.000.000) 03/12 00:16:17 Image size of job updated: 70917080
	4247  -  MemoryUsage of job (MB)
	4348084  -  ResidentSetSize of job (KB)
...
006 (224313.000.000) 03/12 00:21:17 Image size of job updated: 70917080
	4247  -  MemoryUsage of job (MB)
	4348728  -  ResidentSetSize of job (KB)
...
006 (224313.000.000) 03/12 00:26:18 Image size of job updated: 70917080
	4248  -  MemoryUsage of job (MB)
	4349364  -  ResidentSetSize of job (KB)
...
006 (224313.000.000) 03/12 00:31:19 Image size of job updated: 70917080
	4249  -  MemoryUsage of job (MB)
	4349996  -  ResidentSetSize of job (KB)
...
006 (224313.000.000) 03/12 00:36:19 Image size of job updated: 70917080
	4249  -  MemoryUsage of job (MB)
	4350640  -  ResidentSetSize of job (KB)
...
006 (224313.000.000) 03/12 00:41:19 Image size of job updated: 70917080
	4393  -  MemoryUsage of job (MB)
	4497512  -  ResidentSetSize of job (KB)
...
006 (224313.000.000) 03/12 00:46:20 Image size of job updated: 81673796
	5725  -  MemoryUsage of job (MB)
	5861788  -  ResidentSetSize of job (KB)
...
006 (224313.000.000) 03/12 00:51:20 Image size of job updated: 81673796
	5726  -  MemoryUsage of job (MB)
	5862668  -  ResidentSetSize of job (KB)
...
006 (224313.000.000) 03/12 00:56:20 Image size of job updated: 81718800
	5727  -  MemoryUsage of job (MB)
	5863548  -  ResidentSetSize of job (KB)
...
006 (224313.000.000) 03/12 01:01:21 Image size of job updated: 81718800
	5727  -  MemoryUsage of job (MB)
	5864440  -  ResidentSetSize of job (KB)
...
006 (224313.000.000) 03/12 01:06:22 Image size of job updated: 81718800
	5729  -  MemoryUsage of job (MB)
	5865516  -  ResidentSetSize of job (KB)
...
006 (224313.000.000) 03/12 01:11:22 Image size of job updated: 81718800
	5730  -  MemoryUsage of job (MB)
	5866576  -  ResidentSetSize of job (KB)
...
005 (224313.000.000) 03/12 01:16:35 Job terminated.
	(1) Normal termination (return value 0)
		Usr 0 02:25:09, Sys 0 00:45:05  -  Run Remote Usage
		Usr 0 00:00:00, Sys 0 00:00:00  -  Run Local Usage
		Usr 0 02:25:09, Sys 0 00:45:05  -  Total Remote Usage
		Usr 0 00:00:00, Sys 0 00:00:00  -  Total Local Usage
	0  -  Run Bytes Sent By Job
	0  -  Run Bytes Received By Job
	0  -  Total Bytes Sent By Job
	0  -  Total Bytes Received By Job
	Partitionable Resources :    Usage  Request Allocated Assigned
	   Cpus                 :     1.12        4         4 
	   Disk (KB)            :     2           2      4231 
	   Gpus                 :     0.90        1         1 "CUDA1"
	   Memory (MB)          :  5730           1       128 
...
