/software/cuda-11.6
/software/gcc-8.2.0/bin:/software/cuda-11.6/bin:/usr/lib64/qt-3.3/bin:/home/kc81/setup/anaconda3/bin:/usr/local/bin:/usr/bin:/usr/local/sbin:/usr/sbin
/software/gcc-8.2.0/lib64:/software/gcc-8.2.0/lib:/software/cuda-11.6/lib64:/software/cuda-11.6/extras/CUPTI/lib64
Wed Mar  6 14:29:24 2024       
+---------------------------------------------------------------------------------------+
| NVIDIA-SMI 535.113.01             Driver Version: 535.113.01   CUDA Version: 12.2     |
|-----------------------------------------+----------------------+----------------------+
| GPU  Name                 Persistence-M | Bus-Id        Disp.A | Volatile Uncorr. ECC |
| Fan  Temp   Perf          Pwr:Usage/Cap |         Memory-Usage | GPU-Util  Compute M. |
|                                         |                      |               MIG M. |
|=========================================+======================+======================|
|   0  Quadro RTX 6000                Off | 00000000:1A:00.0 Off |                  Off |
| 33%   18C    P8              15W / 260W |      3MiB / 24576MiB |      0%      Default |
|                                         |                      |                  N/A |
+-----------------------------------------+----------------------+----------------------+
|   1  Quadro RTX 6000                Off | 00000000:1B:00.0 Off |                  Off |
| 33%   21C    P8               4W / 260W |      3MiB / 24576MiB |      0%      Default |
|                                         |                      |                  N/A |
+-----------------------------------------+----------------------+----------------------+
|   2  Quadro RTX 6000                Off | 00000000:60:00.0 Off |                  Off |
| 33%   22C    P8              22W / 260W |      3MiB / 24576MiB |      0%      Default |
|                                         |                      |                  N/A |
+-----------------------------------------+----------------------+----------------------+
|   3  Quadro RTX 6000                Off | 00000000:61:00.0 Off |                  Off |
| 33%   21C    P8               6W / 260W |      3MiB / 24576MiB |      0%      Default |
|                                         |                      |                  N/A |
+-----------------------------------------+----------------------+----------------------+
                                                                                         
+---------------------------------------------------------------------------------------+
| Processes:                                                                            |
|  GPU   GI   CI        PID   Type   Process name                            GPU Memory |
|        ID   ID                                                             Usage      |
|=======================================================================================|
|  No running processes found                                                           |
+---------------------------------------------------------------------------------------+
gcc (GCC) 8.2.0
Copyright (C) 2018 Free Software Foundation, Inc.
This is free software; see the source for copying conditions.  There is NO
warranty; not even for MERCHANTABILITY or FITNESS FOR A PARTICULAR PURPOSE.

torch version =  1.13.1+cu116
torch.cuda.is_available() =  True
torch.cuda.device_count() =  1
torchvision.__version__ =  0.14.1+cu116