000 (224304.000.000) 03/11 23:12:57 Job submitted from host: <172.22.224.127:9618?addrs=172.22.224.127-9618&noUDP&sock=2098_a1c8_4>
...
009 (224304.000.000) 03/11 23:21:36 Job was aborted by the user.
	via condor_rm (by user kc81)
...
000 (224310.000.000) 03/11 23:29:35 Job submitted from host: <172.22.224.127:9618?addrs=172.22.224.127-9618&noUDP&sock=2098_a1c8_4>
...
009 (224310.000.000) 03/11 23:40:51 Job was aborted by the user.
	via condor_rm (by user kc81)
...
000 (224314.000.000) 03/11 23:54:02 Job submitted from host: <172.22.224.127:9618?addrs=172.22.224.127-9618&noUDP&sock=2098_a1c8_4>
...
001 (224314.000.000) 03/11 23:54:22 Job executing on host: <172.22.224.169:9618?addrs=172.22.224.169-9618&noUDP&sock=3614_7b5c_3>
...
006 (224314.000.000) 03/11 23:54:30 Image size of job updated: 51532
	5  -  MemoryUsage of job (MB)
	4512  -  ResidentSetSize of job (KB)
...
006 (224314.000.000) 03/11 23:59:30 Image size of job updated: 71600356
	5245  -  MemoryUsage of job (MB)
	5370100  -  ResidentSetSize of job (KB)
...
006 (224314.000.000) 03/12 00:04:31 Image size of job updated: 71600484
	5245  -  MemoryUsage of job (MB)
	5370796  -  ResidentSetSize of job (KB)
...
006 (224314.000.000) 03/12 00:09:32 Image size of job updated: 71600484
	5246  -  MemoryUsage of job (MB)
	5371572  -  ResidentSetSize of job (KB)
...
006 (224314.000.000) 03/12 00:14:32 Image size of job updated: 71600484
	5247  -  MemoryUsage of job (MB)
	5372172  -  ResidentSetSize of job (KB)
...
006 (224314.000.000) 03/12 00:19:32 Image size of job updated: 71600484
	5247  -  MemoryUsage of job (MB)
	5372884  -  ResidentSetSize of job (KB)
...
006 (224314.000.000) 03/12 00:24:33 Image size of job updated: 71640488
	5249  -  MemoryUsage of job (MB)
	5374008  -  ResidentSetSize of job (KB)
...
006 (224314.000.000) 03/12 00:29:34 Image size of job updated: 71640488
	5249  -  MemoryUsage of job (MB)
	5374652  -  ResidentSetSize of job (KB)
...
006 (224314.000.000) 03/12 00:34:34 Image size of job updated: 71640488
	5250  -  MemoryUsage of job (MB)
	5375208  -  ResidentSetSize of job (KB)
...
006 (224314.000.000) 03/12 00:39:34 Image size of job updated: 71640488
	5250  -  MemoryUsage of job (MB)
	5375812  -  ResidentSetSize of job (KB)
...
006 (224314.000.000) 03/12 00:44:35 Image size of job updated: 71640488
	5251  -  MemoryUsage of job (MB)
	5376432  -  ResidentSetSize of job (KB)
...
006 (224314.000.000) 03/12 00:49:36 Image size of job updated: 71640744
	5252  -  MemoryUsage of job (MB)
	5377056  -  ResidentSetSize of job (KB)
...
006 (224314.000.000) 03/12 00:54:36 Image size of job updated: 82383912
	6625  -  MemoryUsage of job (MB)
	6783308  -  ResidentSetSize of job (KB)
...
006 (224314.000.000) 03/12 00:59:37 Image size of job updated: 82383912
	6626  -  MemoryUsage of job (MB)
	6784120  -  ResidentSetSize of job (KB)
...
006 (224314.000.000) 03/12 01:04:38 Image size of job updated: 82423916
	6665  -  MemoryUsage of job (MB)
	6824952  -  ResidentSetSize of job (KB)
...
006 (224314.000.000) 03/12 01:14:38 Image size of job updated: 82473920
	6665  -  MemoryUsage of job (MB)
	6824952  -  ResidentSetSize of job (KB)
...
005 (224314.000.000) 03/12 01:32:07 Job terminated.
	(1) Normal termination (return value 0)
		Usr 0 02:34:34, Sys 0 00:46:31  -  Run Remote Usage
		Usr 0 00:00:00, Sys 0 00:00:00  -  Run Local Usage
		Usr 0 02:34:34, Sys 0 00:46:31  -  Total Remote Usage
		Usr 0 00:00:00, Sys 0 00:00:00  -  Total Local Usage
	0  -  Run Bytes Sent By Job
	0  -  Run Bytes Received By Job
	0  -  Total Bytes Sent By Job
	0  -  Total Bytes Received By Job
	Partitionable Resources :    Usage  Request Allocated Assigned
	   Cpus                 :     1.31        4         4 
	   Disk (KB)            :     2           2   1551012 
	   Gpus                 :     0.89        1         1 "CUDA5"
	   Memory (MB)          :  6665           1       128 
...
